Using pre-set license
Built from '2020.3/staging' branch; Version is '2020.3.26f1 (7298b473bc1a) revision 7510196'; Using compiler version '192528614'; Build Type 'Release'
OS: 'Windows 10  (10.0.19043) 64bit Core' Language: 'en' Physical Memory: 16154 MB
BatchMode: 1, IsHumanControllingUs: 0, StartBugReporterOnCrash: 0, Is64bit: 1, IsPro: 0

COMMAND LINE ARGUMENTS:
C:\Program Files\Unity\Hub\Editor\2020.3.26f1\Editor\Unity.exe
-adb2
-batchMode
-noUpm
-name
AssetImportWorker0
-projectPath
C:/Users/valla/OneDrive/Desktop/Assignment 1
-logFile
Logs/AssetImportWorker0.log
-srvPort
54075
Successfully changed project path to: C:/Users/valla/OneDrive/Desktop/Assignment 1
C:/Users/valla/OneDrive/Desktop/Assignment 1
Using Asset Import Pipeline V2.
Refreshing native plugins compatible for Editor in 97.04 ms, found 12 plugins.
Preloading 3 native plugins for Editor in 4.88 ms.
Initialize engine version: 2020.3.26f1 (7298b473bc1a)
[Subsystems] Discovering subsystems at path C:/Program Files/Unity/Hub/Editor/2020.3.26f1/Editor/Data/Resources/UnitySubsystems
[Subsystems] Discovering subsystems at path C:/Users/valla/OneDrive/Desktop/Assignment 1/Assets
GfxDevice: creating device client; threaded=0
Direct3D:
    Version:  Direct3D 11.0 [level 11.1]
    Renderer: NVIDIA GeForce GTX 1660 Ti (ID=0x2182)
    Vendor:   
    VRAM:     5991 MB
    Driver:   27.21.14.6137
Initialize mono
Mono path[0] = 'C:/Program Files/Unity/Hub/Editor/2020.3.26f1/Editor/Data/Managed'
Mono path[1] = 'C:/Program Files/Unity/Hub/Editor/2020.3.26f1/Editor/Data/MonoBleedingEdge/lib/mono/unityjit'
Mono config path = 'C:/Program Files/Unity/Hub/Editor/2020.3.26f1/Editor/Data/MonoBleedingEdge/etc'
Using monoOptions --debugger-agent=transport=dt_socket,embedding=1,server=y,suspend=n,address=127.0.0.1:56808
Begin MonoManager ReloadAssembly
Registering precompiled unity dll's ...
Register platform support module: C:/Program Files/Unity/Hub/Editor/2020.3.26f1/Editor/Data/PlaybackEngines/WebGLSupport/UnityEditor.WebGL.Extensions.dll
Register platform support module: C:/Program Files/Unity/Hub/Editor/2020.3.26f1/Editor/Data/PlaybackEngines/WindowsStandaloneSupport/UnityEditor.WindowsStandalone.Extensions.dll
Registered in 0.002933 seconds.
Native extension for WindowsStandalone target not found
Native extension for WebGL target not found
Refreshing native plugins compatible for Editor in 70.34 ms, found 12 plugins.
Preloading 3 native plugins for Editor in 0.20 ms.
Mono: successfully reloaded assembly
- Completed reload, in  0.555 seconds
Domain Reload Profiling:
	ReloadAssembly (555ms)
		BeginReloadAssembly (51ms)
			ExecutionOrderSort (0ms)
			DisableScriptedObjects (0ms)
			BackupInstance (0ms)
			ReleaseScriptingObjects (0ms)
			CreateAndSetChildDomain (1ms)
		EndReloadAssembly (437ms)
			LoadAssemblies (49ms)
			RebuildTransferFunctionScriptingTraits (0ms)
			SetupTypeCache (141ms)
			ReleaseScriptCaches (0ms)
			RebuildScriptCaches (25ms)
			SetupLoadedEditorAssemblies (177ms)
				LogAssemblyErrors (0ms)
				InitializePlatformSupportModulesInManaged (5ms)
				SetLoadedEditorAssemblies (0ms)
				RefreshPlugins (71ms)
				BeforeProcessingInitializeOnLoad (7ms)
				ProcessInitializeOnLoadAttributes (71ms)
				ProcessInitializeOnLoadMethodAttributes (23ms)
				AfterProcessingInitializeOnLoad (0ms)
				EditorAssembliesLoaded (0ms)
			ExecutionOrderSort2 (0ms)
			AwakeInstancesAfterBackupRestoration (0ms)
Platform modules already initialized, skipping
Registering precompiled user dll's ...
Registered in 0.020820 seconds.
Begin MonoManager ReloadAssembly
Native extension for WindowsStandalone target not found
Native extension for WebGL target not found
Refreshing native plugins compatible for Editor in 67.06 ms, found 12 plugins.
Preloading 3 native plugins for Editor in 0.20 ms.
System.NullReferenceException: Object reference not set to an instance of an object
  at Vuforia.EditorClasses.ExtensionTypeProvider.GetVuforiaPackageAbsPath () [0x0004a] in <0213e6f0fa134fa89db6bafa02899715>:0 
  at Vuforia.EditorClasses.ExtensionTypeProvider.IsPackageManager () [0x00000] in <0213e6f0fa134fa89db6bafa02899715>:0 
  at Vuforia.EditorClasses.ExtensionTypeProvider.ResolvePluginType () [0x00009] in <0213e6f0fa134fa89db6bafa02899715>:0 
  at Vuforia.EditorClasses.ExtensionTypeProvider.GetPluginType () [0x0000c] in <0213e6f0fa134fa89db6bafa02899715>:0 
  at Vuforia.EditorClasses.VuforiaUtilities.IsVuforiaEnabledInPlayerSettings () [0x00000] in <0213e6f0fa134fa89db6bafa02899715>:0 
  at VuforiaEnabledObserver..cctor () [0x00000] in <0213e6f0fa134fa89db6bafa02899715>:0 
UnityEngine.StackTraceUtility:ExtractStackTrace ()
UnityEngine.DebugLogHandler:LogFormat (UnityEngine.LogType,UnityEngine.Object,string,object[])
UnityEngine.Logger:Log (UnityEngine.LogType,object)
UnityEngine.Debug:LogError (object)
UnityEditor.EditorAssemblies:ProcessInitializeOnLoadAttributes (System.Type[])

System.NullReferenceException: Object reference not set to an instance of an object
  at Vuforia.EditorClasses.ExtensionTypeProvider.GetVuforiaPackageAbsPath () [0x0004a] in <0213e6f0fa134fa89db6bafa02899715>:0 
  at Vuforia.EditorClasses.ExtensionTypeProvider.IsPackageManager () [0x00000] in <0213e6f0fa134fa89db6bafa02899715>:0 
  at Vuforia.EditorClasses.ExtensionTypeProvider.ResolvePluginType () [0x00009] in <0213e6f0fa134fa89db6bafa02899715>:0 
  at Vuforia.EditorClasses.ExtensionTypeProvider.GetPluginType () [0x0000c] in <0213e6f0fa134fa89db6bafa02899715>:0 
  at Vuforia.EditorClasses.VuforiaUtilities.IsVuforiaEnabledInPlayerSettings () [0x00000] in <0213e6f0fa134fa89db6bafa02899715>:0 
  at Vuforia.EditorClasses.InitializeOnLoadVuforiaTaskRunner..cctor () [0x00015] in <0213e6f0fa134fa89db6bafa02899715>:0 
UnityEngine.StackTraceUtility:ExtractStackTrace ()
UnityEngine.DebugLogHandler:LogFormat (UnityEngine.LogType,UnityEngine.Object,string,object[])
UnityEngine.Logger:Log (UnityEngine.LogType,object)
UnityEngine.Debug:LogError (object)
UnityEditor.EditorAssemblies:ProcessInitializeOnLoadAttributes (System.Type[])

Mono: successfully reloaded assembly
- Completed reload, in  1.201 seconds
Domain Reload Profiling:
	ReloadAssembly (1201ms)
		BeginReloadAssembly (131ms)
			ExecutionOrderSort (0ms)
			DisableScriptedObjects (4ms)
			BackupInstance (0ms)
			ReleaseScriptingObjects (0ms)
			CreateAndSetChildDomain (16ms)
		EndReloadAssembly (1010ms)
			LoadAssemblies (101ms)
			RebuildTransferFunctionScriptingTraits (0ms)
			SetupTypeCache (300ms)
			ReleaseScriptCaches (1ms)
			RebuildScriptCaches (48ms)
			SetupLoadedEditorAssemblies (441ms)
				LogAssemblyErrors (0ms)
				InitializePlatformSupportModulesInManaged (4ms)
				SetLoadedEditorAssemblies (0ms)
				RefreshPlugins (67ms)
				BeforeProcessingInitializeOnLoad (102ms)
				ProcessInitializeOnLoadAttributes (215ms)
				ProcessInitializeOnLoadMethodAttributes (44ms)
				AfterProcessingInitializeOnLoad (8ms)
				EditorAssembliesLoaded (0ms)
			ExecutionOrderSort2 (0ms)
			AwakeInstancesAfterBackupRestoration (6ms)
Platform modules already initialized, skipping
========================================================================
Worker process is ready to serve import requests
Launched and connected shader compiler UnityShaderCompiler.exe after 0.14 seconds
Refreshing native plugins compatible for Editor in 0.96 ms, found 12 plugins.
Preloading 3 native plugins for Editor in 0.23 ms.
Unloading 2915 Unused Serialized files (Serialized files now loaded: 0)
System memory in use before: 111.6 MB.
System memory in use after: 111.8 MB.

Unloading 87 unused Assets to reduce memory usage. Loaded Objects now: 3622.
Total: 5.875600 ms (FindLiveObjects: 0.246600 ms CreateObjectMapping: 0.130400 ms MarkObjects: 5.421500 ms  DeleteObjects: 0.076200 ms)

AssetImportParameters requested are different than current active one (requested -> active):
  custom:framework-win-MediaFoundation: 216162199b28c13a410421893ffa2e32 -> 
  custom:video-decoder-ogg-theora: a1e56fd34408186e4bbccfd4996cb3dc -> 
  custom:container-muxer-webm: aa71ff27fc2769a1b78a27578f13a17b -> 
  custom:container-demuxer-webm: 4f35f7cbe854078d1ac9338744f61a02 -> 
  custom:container-demuxer-ogg: 62fdf1f143b41e24485cea50d1cbac27 -> 
  custom:video-encoder-webm-vp8: eb34c28f22e8b96e1ab97ce403110664 -> 
  custom:video-codec-MediaFoundation-h265: 746d11721c4dcdbdad8f713fa42b33f4 -> 
  custom:video-decoder-webm-vp8: 9c59270c3fd7afecdb556c50c9e8de78 -> 
  custom:audio-decoder-ogg-vorbis: bf7c407c2cedff20999df2af8eb42d56 -> 
  custom:audio-encoder-webm-vorbis: bf7c407c2cedff20999df2af8eb42d56 -> 
========================================================================
Received Import Request.
  path: Assets/ship_animation.anim
  artifactKey: Guid(91d93d7dc87b9d44f82d7e123f9aaaee) Importer(815301076,1909f56bfc062723c751e8b465ee728b)
Start importing Assets/ship_animation.anim using Guid(91d93d7dc87b9d44f82d7e123f9aaaee) Importer(815301076,1909f56bfc062723c751e8b465ee728b)  -> (artifact id: '193e1d6df40330b2e2351624c018b222') in 0.062331 seconds 
  Import took 0.066276 seconds .

========================================================================
Received Prepare
Registering precompiled user dll's ...
Registered in 0.025512 seconds.
Begin MonoManager ReloadAssembly
Native extension for WindowsStandalone target not found
Native extension for WebGL target not found
Refreshing native plugins compatible for Editor in 1.13 ms, found 12 plugins.
Preloading 3 native plugins for Editor in 0.40 ms.
System.NullReferenceException: Object reference not set to an instance of an object
  at Vuforia.EditorClasses.ExtensionTypeProvider.GetVuforiaPackageAbsPath () [0x0004a] in <0213e6f0fa134fa89db6bafa02899715>:0 
  at Vuforia.EditorClasses.ExtensionTypeProvider.IsPackageManager () [0x00000] in <0213e6f0fa134fa89db6bafa02899715>:0 
  at Vuforia.EditorClasses.ExtensionTypeProvider.ResolvePluginType () [0x00009] in <0213e6f0fa134fa89db6bafa02899715>:0 
  at Vuforia.EditorClasses.ExtensionTypeProvider.GetPluginType () [0x0000c] in <0213e6f0fa134fa89db6bafa02899715>:0 
  at Vuforia.EditorClasses.VuforiaUtilities.IsVuforiaEnabledInPlayerSettings () [0x00000] in <0213e6f0fa134fa89db6bafa02899715>:0 
  at VuforiaEnabledObserver..cctor () [0x00000] in <0213e6f0fa134fa89db6bafa02899715>:0 
UnityEngine.StackTraceUtility:ExtractStackTrace ()
UnityEngine.DebugLogHandler:LogFormat (UnityEngine.LogType,UnityEngine.Object,string,object[])
UnityEngine.Logger:Log (UnityEngine.LogType,object)
UnityEngine.Debug:LogError (object)
UnityEditor.EditorAssemblies:ProcessInitializeOnLoadAttributes (System.Type[])

System.NullReferenceException: Object reference not set to an instance of an object
  at Vuforia.EditorClasses.ExtensionTypeProvider.GetVuforiaPackageAbsPath () [0x0004a] in <0213e6f0fa134fa89db6bafa02899715>:0 
  at Vuforia.EditorClasses.ExtensionTypeProvider.IsPackageManager () [0x00000] in <0213e6f0fa134fa89db6bafa02899715>:0 
  at Vuforia.EditorClasses.ExtensionTypeProvider.ResolvePluginType () [0x00009] in <0213e6f0fa134fa89db6bafa02899715>:0 
  at Vuforia.EditorClasses.ExtensionTypeProvider.GetPluginType () [0x0000c] in <0213e6f0fa134fa89db6bafa02899715>:0 
  at Vuforia.EditorClasses.VuforiaUtilities.IsVuforiaEnabledInPlayerSettings () [0x00000] in <0213e6f0fa134fa89db6bafa02899715>:0 
  at Vuforia.EditorClasses.InitializeOnLoadVuforiaTaskRunner..cctor () [0x00015] in <0213e6f0fa134fa89db6bafa02899715>:0 
UnityEngine.StackTraceUtility:ExtractStackTrace ()
UnityEngine.DebugLogHandler:LogFormat (UnityEngine.LogType,UnityEngine.Object,string,object[])
UnityEngine.Logger:Log (UnityEngine.LogType,object)
UnityEngine.Debug:LogError (object)
UnityEditor.EditorAssemblies:ProcessInitializeOnLoadAttributes (System.Type[])

Mono: successfully reloaded assembly
- Completed reload, in  1.223 seconds
Domain Reload Profiling:
	ReloadAssembly (1226ms)
		BeginReloadAssembly (260ms)
			ExecutionOrderSort (0ms)
			DisableScriptedObjects (24ms)
			BackupInstance (0ms)
			ReleaseScriptingObjects (0ms)
			CreateAndSetChildDomain (117ms)
		EndReloadAssembly (899ms)
			LoadAssemblies (102ms)
			RebuildTransferFunctionScriptingTraits (0ms)
			SetupTypeCache (308ms)
			ReleaseScriptCaches (1ms)
			RebuildScriptCaches (38ms)
			SetupLoadedEditorAssemblies (353ms)
				LogAssemblyErrors (0ms)
				InitializePlatformSupportModulesInManaged (6ms)
				SetLoadedEditorAssemblies (1ms)
				RefreshPlugins (2ms)
				BeforeProcessingInitializeOnLoad (88ms)
				ProcessInitializeOnLoadAttributes (213ms)
				ProcessInitializeOnLoadMethodAttributes (36ms)
				AfterProcessingInitializeOnLoad (8ms)
				EditorAssembliesLoaded (0ms)
			ExecutionOrderSort2 (0ms)
			AwakeInstancesAfterBackupRestoration (6ms)
Platform modules already initialized, skipping
Refreshing native plugins compatible for Editor in 1.08 ms, found 12 plugins.
Preloading 3 native plugins for Editor in 0.23 ms.
Unloading 2868 Unused Serialized files (Serialized files now loaded: 0)
System memory in use before: 109.3 MB.
System memory in use after: 109.5 MB.

Unloading 78 unused Assets to reduce memory usage. Loaded Objects now: 3626.
Total: 5.977300 ms (FindLiveObjects: 0.239700 ms CreateObjectMapping: 0.107300 ms MarkObjects: 5.583800 ms  DeleteObjects: 0.045800 ms)

AssetImportParameters requested are different than current active one (requested -> active):
  custom:framework-win-MediaFoundation: 216162199b28c13a410421893ffa2e32 -> 
  custom:video-decoder-ogg-theora: a1e56fd34408186e4bbccfd4996cb3dc -> 
  custom:container-muxer-webm: aa71ff27fc2769a1b78a27578f13a17b -> 
  custom:container-demuxer-webm: 4f35f7cbe854078d1ac9338744f61a02 -> 
  custom:container-demuxer-ogg: 62fdf1f143b41e24485cea50d1cbac27 -> 
  custom:video-encoder-webm-vp8: eb34c28f22e8b96e1ab97ce403110664 -> 
  custom:video-codec-MediaFoundation-h265: 746d11721c4dcdbdad8f713fa42b33f4 -> 
  custom:video-decoder-webm-vp8: 9c59270c3fd7afecdb556c50c9e8de78 -> 
  custom:audio-decoder-ogg-vorbis: bf7c407c2cedff20999df2af8eb42d56 -> 
  custom:audio-encoder-webm-vorbis: bf7c407c2cedff20999df2af8eb42d56 -> 
========================================================================
Received Import Request.
  Time since last request: 3949.544029 seconds.
  path: Assets/vbScript.cs
  artifactKey: Guid(812a761880471254bba974ed2e0cc22a) Importer(815301076,1909f56bfc062723c751e8b465ee728b)
Start importing Assets/vbScript.cs using Guid(812a761880471254bba974ed2e0cc22a) Importer(815301076,1909f56bfc062723c751e8b465ee728b)  -> (artifact id: '67a0c3d6f451dd13cdc6d845cb7117c9') in 1.133395 seconds 
  Import took 1.201433 seconds .

========================================================================
Received Import Request.
  Time since last request: 2721.485658 seconds.
  path: Assets
  artifactKey: Guid(00000000000000001000000000000000) Importer(815301076,1909f56bfc062723c751e8b465ee728b)
Start importing Assets using Guid(00000000000000001000000000000000) Importer(815301076,1909f56bfc062723c751e8b465ee728b)  -> (artifact id: '1a956ff0e83af221383b1bd8a5281aa6') in 0.141126 seconds 
  Import took 1.321448 seconds .

========================================================================
Received Import Request.
  Time since last request: 13.702858 seconds.
  path: Assets/New Material.mat
  artifactKey: Guid(d0861fb60329b7a4f80e071cc5a7a838) Importer(815301076,1909f56bfc062723c751e8b465ee728b)
Start importing Assets/New Material.mat using Guid(d0861fb60329b7a4f80e071cc5a7a838) Importer(815301076,1909f56bfc062723c751e8b465ee728b)  -> (artifact id: 'c90db3a0dc52dd63ebd698a0cf62c687') in 2.687089 seconds 
  Import took 2.763141 seconds .

========================================================================
Received Import Request.
  Time since last request: 7.577380 seconds.
  path: Assets/ButtonMat.mat
  artifactKey: Guid(d0861fb60329b7a4f80e071cc5a7a838) Importer(815301076,1909f56bfc062723c751e8b465ee728b)
Start importing Assets/ButtonMat.mat using Guid(d0861fb60329b7a4f80e071cc5a7a838) Importer(815301076,1909f56bfc062723c751e8b465ee728b)  -> (artifact id: 'acd6b3369ceff8e028635992a8fc91f1') in 0.024862 seconds 
  Import took 0.041261 seconds .

========================================================================
Received Import Request.
  Time since last request: 2019.808939 seconds.
  path: Assets/ExampleAssets/Prefabs
  artifactKey: Guid(652960599d8c4485a9ae38409999891a) Importer(815301076,1909f56bfc062723c751e8b465ee728b)
Start importing Assets/ExampleAssets/Prefabs using Guid(652960599d8c4485a9ae38409999891a) Importer(815301076,1909f56bfc062723c751e8b465ee728b)  -> (artifact id: '0b338d483a3128c1e51399f6d82a2aee') in 0.007287 seconds 
  Import took 0.032174 seconds .

========================================================================
Received Import Request.
  Time since last request: 316.589660 seconds.
  path: Assets/Resources/VuforiaConfiguration.asset
  artifactKey: Guid(10ba540046b464542af1d588d41409bd) Importer(815301076,1909f56bfc062723c751e8b465ee728b)
Start importing Assets/Resources/VuforiaConfiguration.asset using Guid(10ba540046b464542af1d588d41409bd) Importer(815301076,1909f56bfc062723c751e8b465ee728b)  -> (artifact id: 'ee18b8b489e7e6e98e1a6e11b34e18b6') in 0.098981 seconds 
  Import took 0.141268 seconds .

========================================================================
Received Import Request.
  Time since last request: 2.675922 seconds.
  path: Assets/Materials/nebula-texture.mat
  artifactKey: Guid(822a110255d361f43aa4b2bfadab4d6b) Importer(815301076,1909f56bfc062723c751e8b465ee728b)
Start importing Assets/Materials/nebula-texture.mat using Guid(822a110255d361f43aa4b2bfadab4d6b) Importer(815301076,1909f56bfc062723c751e8b465ee728b)  -> (artifact id: '65d168a06ac748d49ed022e580fa012a') in 0.177195 seconds 
  Import took 0.200109 seconds .

========================================================================
Received Import Request.
  Time since last request: 0.000207 seconds.
  path: Assets/Materials/space-texture.mat
  artifactKey: Guid(e68e5675740d49b4ea60d217e1e2a776) Importer(815301076,1909f56bfc062723c751e8b465ee728b)
Start importing Assets/Materials/space-texture.mat using Guid(e68e5675740d49b4ea60d217e1e2a776) Importer(815301076,1909f56bfc062723c751e8b465ee728b)  -> (artifact id: '6438e92d48feca2964dc2b2dc788cf67') in 0.144131 seconds 
  Import took 0.148485 seconds .

========================================================================
Received Import Request.
  Time since last request: 6.582466 seconds.
  path: Assets/XR/XRGeneralSettings.asset
  artifactKey: Guid(58f40b12bbc864f3c96c6505a9a1e1e3) Importer(815301076,1909f56bfc062723c751e8b465ee728b)
Start importing Assets/XR/XRGeneralSettings.asset using Guid(58f40b12bbc864f3c96c6505a9a1e1e3) Importer(815301076,1909f56bfc062723c751e8b465ee728b)  -> (artifact id: '4591566b4eacd27e78df7b5958c4b668') in 0.121569 seconds 
  Import took 0.125707 seconds .

========================================================================
Received Import Request.
  Time since last request: 2.420205 seconds.
  path: Assets/StreamingAssets/Vuforia
  artifactKey: Guid(bfd38b033dc33ed49b61905665b33d75) Importer(815301076,1909f56bfc062723c751e8b465ee728b)
Start importing Assets/StreamingAssets/Vuforia using Guid(bfd38b033dc33ed49b61905665b33d75) Importer(815301076,1909f56bfc062723c751e8b465ee728b)  -> (artifact id: '53b242a3e0531d9ede5757205d7261ea') in 0.016243 seconds 
  Import took 0.021015 seconds .

========================================================================
Received Import Request.
  Time since last request: 789.422916 seconds.
  path: Assets/ButtonMat.mat
  artifactKey: Guid(d0861fb60329b7a4f80e071cc5a7a838) Importer(815301076,1909f56bfc062723c751e8b465ee728b)
Start importing Assets/ButtonMat.mat using Guid(d0861fb60329b7a4f80e071cc5a7a838) Importer(815301076,1909f56bfc062723c751e8b465ee728b)  -> (artifact id: 'df043c67bdf9aa0d09a4a239a89cdf49') in 0.014294 seconds 
  Import took 0.061254 seconds .

========================================================================
Received Import Request.
  Time since last request: 239.247763 seconds.
  path: Assets/vbScript.cs
  artifactKey: Guid(812a761880471254bba974ed2e0cc22a) Importer(815301076,1909f56bfc062723c751e8b465ee728b)
Start importing Assets/vbScript.cs using Guid(812a761880471254bba974ed2e0cc22a) Importer(815301076,1909f56bfc062723c751e8b465ee728b)  -> (artifact id: '9e122c2d0cb2b9ee612e352ba943bee5') in 0.066884 seconds 
  Import took 0.071783 seconds .

AssetImportWorkerClient::OnTransportError - code=2 error=End of file
